Arguments: 
  E:\nodejs\node.exe C:\Users\Shriram\AppData\Roaming\npm\node_modules\yarn\bin\yarn.js add react-horizontal-scrolling-menu

PATH: 
  C:\Users\Shriram\AppData\Local\Programs\Python\Python39\Scripts\;C:\Users\Shriram\AppData\Local\Programs\Python\Python39\;C:\oraclexe\app\oracle\product\11.2.0\server\bin;C:\Program Files\Common Files\Oracle\Java\javapath;C:\WINDOWS\system32;C:\WINDOWS;C:\WINDOWS\System32\Wbem;C:\WINDOWS\System32\WindowsPowerShell\v1.0\;C:\WINDOWS\System32\OpenSSH\;C:\Users\flutter zipped\flutter\bin;E:\java jdk\jdk-15.0.1_windows-x64_bin;C:\Program Files\Microsoft VS Code\bin;C:\Program Files (x86)\Calibre2\;C:\ProgramData\chocolatey\bin;E:\nodejs\;C:\Program Files\Git\cmd;E:\java jdk\java jdk extracted\bin;C:\windows\system32;C:\windows;C:\windows\System32\Wbem;C:\windows\System32\WindowsPowerShell\v1.0\;C:\windows\System32\OpenSSH\;E:\Microsoft VS Code\bin;C:\Program Files\Git\cmd;C:\Users\flutter zipped\flutter\bin;C:\Users\Shriram\AppData\Local\Microsoft\WindowsApps;E:\flutter sdk\flutter\bin;C:\Users\Shriram\anaconda3\Library\bin;C:\Users\Shriram\anaconda3\Scripts;C:\Users\Shriram\anaconda3\condabin;E:\anaconda\anaconda_installed_files;C:\Users\Shriram\AppData\Local\atom\bin;E:\java jdk\jdk-15.0.1_windows-x64_bin;E:\platform tools vscode\extracted\platform-tools;C:\Program Files\JetBrains\PyCharm Community Edition 2020.2.3\bin;;E:\mingw_extracted\bin;C:\Users\Shriram\AppData\Local\Microsoft\WindowsApps;C:\Users\Shriram\AppData\Roaming\npm;C:\Users\Shriram\AppData\Local\GitHubDesktop\bin

Yarn version: 
  1.22.17

Node version: 
  14.17.6

Platform: 
  win32 x64

Trace: 
  Error: connect ENETUNREACH 104.16.19.35:443
      at TCPConnectWrap.afterConnect [as oncomplete] (net.js:1148:16)

npm manifest: 
  {
    "name": "connemara",
    "version": "0.1.0",
    "private": true,
    "dependencies": {
      "@craco/craco": "^6.3.0",
      "@testing-library/jest-dom": "^5.14.1",
      "@testing-library/react": "^11.2.7",
      "@testing-library/user-event": "^12.8.3",
      "firebase": "^9.1.3",
      "google-maps-react": "^2.0.6",
      "react": "^17.0.2",
      "react-dom": "^17.0.2",
      "react-scripts": "4.0.3",
      "web-vitals": "^1.1.2"
    },
    "scripts": {
      "start": "craco start",
      "build": "craco build",
      "test": "craco test",
      "eject": "react-scripts eject"
    },
    "eslintConfig": {
      "extends": [
        "react-app",
        "react-app/jest"
      ]
    },
    "browserslist": {
      "production": [
        ">0.2%",
        "not dead",
        "not op_mini all"
      ],
      "development": [
        "last 1 chrome version",
        "last 1 firefox version",
        "last 1 safari version"
      ]
    }
  }

yarn manifest: 
  No manifest

Lockfile: 
  No lockfile
